<?xml version="1.0" encoding="UTF-8"?>
<!-- Generated by org.testng.reporters.JUnitReportReporter -->
<testsuite hostname="DESKTOP-9QATJ4C" failures="0" tests="1" name="com.qa.hrm.tests.TestRunner" time="40.723" errors="0" timestamp="2022-08-31T19:35:30 IST" skipped="0">
  <testcase classname="com.qa.hrm.tests.TestRunner" name="chromeTest" time="40.723"/>
  <system-out/>
</testsuite> <!-- com.qa.hrm.tests.TestRunner -->
